<?xml version="1.0" encoding="UTF-8"?>
<!-- Generated by org.testng.reporters.JUnitReportReporter -->
<testsuite skipped="0" hostname="DESKTOP-7QD4G53" name="com.royalalliances.mailQueue" tests="13" failures="0" timestamp="2019-08-27T10:55:49 CDT" time="142.243" errors="0">
  <testcase name="sendFeederUsername" time="1.175" classname="com.royalalliances.mailQueue"/>
  <testcase name="sendFeederPassword" time="1.171" classname="com.royalalliances.mailQueue"/>
  <testcase name="clickSignIn" time="1.983" classname="com.royalalliances.mailQueue"/>
  <testcase name="verifyDashboard" time="3.012" classname="com.royalalliances.mailQueue"/>
  <testcase name="selectRA221" time="8.261" classname="com.royalalliances.mailQueue"/>
  <testcase name="navigateToMailQueue" time="4.876" classname="com.royalalliances.mailQueue"/>
  <testcase name="totalLinksInRAHomePage" time="13.840" classname="com.royalalliances.mailQueue"/>
  <testcase name="uploadFCLetterOnly" time="64.370" classname="com.royalalliances.mailQueue"/>
  <testcase name="shipFile" time="35.535" classname="com.royalalliances.mailQueue"/>
  <testcase name="validateFileIsScheduled" time="2.172" classname="com.royalalliances.mailQueue"/>
  <testcase name="logOut" time="3.038" classname="com.royalalliances.mailQueue"/>
  <testcase name="sendHubUsername" time="1.108" classname="com.royalalliances.mailQueue"/>
  <testcase name="sendHubPassword" time="1.702" classname="com.royalalliances.mailQueue"/>
</testsuite> <!-- com.royalalliances.mailQueue -->
